{
  "RSpec": {
    "coverage": {
      "/Users/apprentice/Desktop/ddeutsch/Hydrant_Heart/app/helpers/application_helper.rb": [
        1,
        null
      ],
      "/Users/apprentice/Desktop/ddeutsch/Hydrant_Heart/app/helpers/users_helper.rb": [
        1,
        null,
        null,
        null
      ],
      "/Users/apprentice/Desktop/ddeutsch/Hydrant_Heart/app/helpers/welcome_helper.rb": [
        1,
        null
      ],
      "/Users/apprentice/Desktop/ddeutsch/Hydrant_Heart/app/controllers/users_controller.rb": [
        1,
        null,
        1,
        null,
        null,
        null,
        null,
        null,
        1,
        2,
        null,
        null,
        1,
        1,
        1,
        null,
        null,
        1,
        null,
        1,
        1,
        null,
        null
      ],
      "/Users/apprentice/Desktop/ddeutsch/Hydrant_Heart/app/controllers/application_controller.rb": [
        1,
        null,
        null,
        1,
        null
      ],
      "/Users/apprentice/Desktop/ddeutsch/Hydrant_Heart/app/models/user.rb": [
        1,
        null,
        1,
        null,
        1,
        null,
        1,
        1,
        1,
        null,
        null,
        1,
        1,
        1,
        null,
        null,
        1,
        0,
        null,
        null,
        1,
        4,
        4,
        null,
        null
      ]
    },
    "timestamp": 1402086605
  }
}
