{
  "RSpec": {
    "coverage": {
      "/Users/bengolden/Desktop/Hydrant_Heart/app/helpers/application_helper.rb": [
        1,
        null
      ],
      "/Users/bengolden/Desktop/Hydrant_Heart/app/helpers/welcome_helper.rb": [
        1,
        null
      ],
      "/Users/bengolden/Desktop/Hydrant_Heart/app/models/user.rb": [
        1,
        null,
        1,
        null,
        1,
        null,
        1,
        1,
        1,
        null,
        null,
        1,
        1,
        1,
        null,
        1,
        3,
        null,
        null,
        1,
        5,
        null,
        null,
        null,
        null
      ],
      "/Users/bengolden/Desktop/Hydrant_Heart/app/models/claim.rb": [
        1,
        1,
        1,
        1,
        1,
        1,
        null,
        null,
        1,
        1,
        null
      ],
      "/Users/bengolden/Desktop/Hydrant_Heart/app/models/vote.rb": [
        1,
        1,
        1,
        null,
        1,
        1,
        1,
        null,
        null,
        null,
        null
      ],
      "/Users/bengolden/Desktop/Hydrant_Heart/app/models/argument.rb": [
        1,
        1,
        1,
        1,
        1,
        1,
        null,
        null,
        null,
        1,
        1,
        null,
        null
      ]
    },
    "timestamp": 1402006412
  }
}
